#
# A fatal error has been detected by the Java Runtime Environment:
#
#  SIGSEGV (0xb) at pc=0x00007f28d80623e8, pid=6380, tid=6419
#
# JRE version: OpenJDK Runtime Environment (11.0.18+10) (build 11.0.18+10-post-Ubuntu-0ubuntu118.04.1)
# Java VM: OpenJDK 64-Bit Server VM (11.0.18+10-post-Ubuntu-0ubuntu118.04.1, mixed mode, sharing, tiered, compressed oops, g1 gc, linux-amd64)
# Problematic frame:
# V  [libjvm.so+0x8103e8]
#
# No core dump will be written. Core dumps have been disabled. To enable core dumping, try "ulimit -c unlimited" before starting Java again
#
# If you would like to submit a bug report, please visit:
#   https://bugs.launchpad.net/ubuntu/+source/openjdk-lts
#

---------------  S U M M A R Y ------------

Command Line: -Dapplication.home=/usr/lib/jvm/java-11-openjdk-amd64 --add-modules=ALL-DEFAULT -Xms8m -Djdk.module.main=jdk.compiler jdk.compiler/com.sun.tools.javac.Main -d classes vasco/rectangles/BucketRect.java vasco/rectangles/CIFTree.java vasco/rectangles/DeleteRectangle.java vasco/rectangles/GenRectTree.java vasco/rectangles/GenRectangle.java vasco/rectangles/GenericRectTree.java vasco/rectangles/GreenRect.java vasco/rectangles/LOOSETree.java vasco/rectangles/PMRRectTree.java vasco/rectangles/PMRkd.java vasco/rectangles/RNode.java vasco/rectangles/RectTree.java vasco/rectangles/RectangleCanvas.java vasco/rectangles/RectangleFileSelector.java vasco/rectangles/RectangleRTree.java vasco/rectangles/RectangleStructure.java vasco/rectangles/main.java

Host: AMD Ryzen 7 1700X Eight-Core Processor, 16 cores, 15G, Ubuntu 18.04.6 LTS
Time: Mon Nov 20 06:50:47 2023 EST elapsed time: 3.110112 seconds (0d 0h 0m 3s)

---------------  T H R E A D  ---------------

Current thread (0x00007f286c014000):  JavaThread "C2 CompilerThread4" daemon [_thread_in_native, id=6419, stack(0x00007f288b180000,0x00007f288b281000)]


Current CompileTask:
C2:   3110 3783       4       com.sun.tools.javac.jvm.Pool::put (170 bytes)

Stack: [0x00007f288b180000,0x00007f288b281000],  sp=0x00007f288b27c358,  free space=1008k
Native frames: (J=compiled Java code, A=aot compiled Java code, j=interpreted, Vv=VM code, C=native code)
V  [libjvm.so+0x8103e8]


siginfo: si_signo: 11 (SIGSEGV), si_code: 1 (SEGV_MAPERR), si_addr: 0x000004280000007b

Register to memory mapping:

RAX=0x000000000fc03427 is an unknown value
RBX=0x0000000000000422 is an unknown value
RCX=0x0000000000000427 is an unknown value
RDX=0x00007f2858787710 points into unknown readable memory: 0x3e9164d6860d1dcf | cf 1d 0d 86 d6 64 91 3e
RSP=0x00007f288b27c358 is pointing into the stack for thread: 0x00007f286c014000
RBP=0x00007f28405bc8c0 points into unknown readable memory: 0x00000ff800000000 | 00 00 00 00 f8 0f 00 00
RSI=0x0000000000029860 is an unknown value
RDI=0x00007f288b27c6c0 is pointing into the stack for thread: 0x00007f286c014000
R8 =0x0000000000000002 is an unknown value
R9 =0x0 is NULL
R10=0x0 is NULL
R11=0x0000000000000ff8 is an unknown value
R12=0x0000042258787a30 is an unknown value
R13=0x00007f2858ac1cb0 points into unknown readable memory: 0x0000000000000002 | 02 00 00 00 00 00 00 00
R14=0x000004280000000f is an unknown value
R15=0x00007f2800000002 is an unknown value


Registers:
RAX=0x000000000fc03427, RBX=0x0000000000000422, RCX=0x0000000000000427, RDX=0x00007f2858787710
RSP=0x00007f288b27c358, RBP=0x00007f28405bc8c0, RSI=0x0000000000029860, RDI=0x00007f288b27c6c0
R8 =0x0000000000000002, R9 =0x0000000000000000, R10=0x0000000000000000, R11=0x0000000000000ff8
R12=0x0000042258787a30, R13=0x00007f2858ac1cb0, R14=0x000004280000000f, R15=0x00007f2800000002
RIP=0x00007f28d80623e8, EFLAGS=0x0000000000010206, CSGSFS=0x002b000000000033, ERR=0x0000000000000004
  TRAPNO=0x000000000000000e

Top of Stack: (sp=0x00007f288b27c358)
0x00007f288b27c358:   00007f2800000005 00007f288b27c530
0x00007f288b27c368:   00007f2800000008 00007f288b27c520
0x00007f288b27c378:   000f423f0000042c 00000000000000d3
0x00007f288b27c388:   00007f288b27c9e0 00007f28608ee340 

Instructions: (pc=0x00007f28d80623e8)
0x00007f28d80622e8:   8b 45 90 4d 01 e6 85 c0 0f 84 ea 01 00 00 89 c1
0x00007f28d80622f8:   8b 55 94 83 e1 1f 89 ce 75 15 66 0f 1f 44 00 00
0x00007f28d8062308:   c1 e8 05 83 c2 05 89 c1 83 e1 1f 74 f3 89 ce 48
0x00007f28d8062318:   8d 0d 62 30 6e 00 0f b6 0c 31 d3 e8 01 d1 89 45
0x00007f28d8062328:   90 48 8d 05 70 30 6e 00 89 4d 94 0f b6 0c 30 01
0x00007f28d8062338:   d1 0f 1f 80 00 00 00 00 85 c9 0f 84 89 01 00 00
0x00007f28d8062348:   49 8b 7f 70 89 c8 45 8b 4e 3c 48 8d 34 80 41 8b
0x00007f28d8062358:   46 38 48 8b 57 20 48 c1 e6 05 48 01 f2 44 23 4a
0x00007f28d8062368:   3c 23 42 38 44 09 c8 45 8b 4e 40 44 23 4a 40 44
0x00007f28d8062378:   09 c8 45 8b 4e 44 44 23 4a 44 44 09 c8 45 8b 4e
0x00007f28d8062388:   48 44 23 4a 48 44 09 c8 45 8b 4e 4c 44 23 4a 4c
0x00007f28d8062398:   44 09 c8 45 8b 4e 50 44 23 4a 50 44 09 c8 45 8b
0x00007f28d80623a8:   4e 54 44 23 4a 54 44 09 c8 45 8b 4e 58 44 23 4a
0x00007f28d80623b8:   58 44 09 c8 45 8b 4e 5c 44 23 4a 5c 44 09 c8 45
0x00007f28d80623c8:   8b 4e 60 44 23 4a 60 44 09 c8 45 8b 4e 64 44 23
0x00007f28d80623d8:   4a 64 44 09 c8 45 8b 4e 68 44 23 4a 68 44 09 c8
0x00007f28d80623e8:   45 8b 4e 6c 44 23 4a 6c 44 09 c8 45 8b 4e 70 44
0x00007f28d80623f8:   23 4a 70 44 09 c8 45 8b 4e 74 44 23 4a 74 44 09
0x00007f28d8062408:   c8 45 8b 4e 78 44 23 4a 78 44 09 c8 45 8b 4e 7c
0x00007f28d8062418:   44 23 4a 7c 44 09 c8 45 8b 8e 80 00 00 00 44 23
0x00007f28d8062428:   8a 80 00 00 00 44 09 c8 45 8b 8e 84 00 00 00 44
0x00007f28d8062438:   23 8a 84 00 00 00 44 09 c8 45 8b 8e 88 00 00 00
0x00007f28d8062448:   44 23 8a 88 00 00 00 44 09 c8 45 8b 8e 8c 00 00
0x00007f28d8062458:   00 44 23 8a 8c 00 00 00 44 09 c8 74 1b 48 8b 57
0x00007f28d8062468:   10 39 cb 0f 83 7f 00 00 00 85 db 0f 85 bf 00 00
0x00007f28d8062478:   00 0f 1f 80 00 00 00 00 8b 45 90 85 c0 74 59 89
0x00007f28d8062488:   c1 8b 75 94 83 e1 1f 89 ca 75 14 0f 1f 44 00 00
0x00007f28d8062498:   c1 e8 05 83 c6 05 89 c2 83 e2 1f 74 f3 89 d2 48
0x00007f28d80624a8:   8d 0d d2 2e 6e 00 0f b6 0c 11 d3 e8 01 f1 89 45
0x00007f28d80624b8:   90 48 8d 05 e0 2e 6e 00 89 4d 94 0f b6 0c 10 01
0x00007f28d80624c8:   f1 85 c9 0f 85 77 fe ff ff 48 83 c4 58 5b 41 5c
0x00007f28d80624d8:   41 5d 41 5e 41 5f 5d c3 4c 89 ef e8 b8 ad 00 00 


Stack slot to memory mapping:
stack at sp + 0 slots: 0x00007f2800000005 is an unknown value
stack at sp + 1 slots: 0x00007f288b27c530 is pointing into the stack for thread: 0x00007f286c014000
stack at sp + 2 slots: 0x00007f2800000008 is an unknown value
stack at sp + 3 slots: 0x00007f288b27c520 is pointing into the stack for thread: 0x00007f286c014000
stack at sp + 4 slots: 0x000f423f0000042c is an unknown value
stack at sp + 5 slots: 0x00000000000000d3 is an unknown value
stack at sp + 6 slots: 0x00007f288b27c9e0 is pointing into the stack for thread: 0x00007f286c014000
stack at sp + 7 slots: 0x00007f28608ee340 points into unknown readable memory: 0x00007f28d8b702b0 | b0 02 b7 d8 28 7f 00 00


---------------  P R O C E S S  ---------------

Threads class SMR info:
_java_thread_list=0x00007f28741508a0, length=19, elements={
0x00007f28d0017800, 0x00007f28d0111800, 0x00007f28d0113800, 0x00007f28d011c000,
0x00007f28d011e000, 0x00007f28d0120000, 0x00007f28d0122000, 0x00007f28d0124000,
0x00007f287403b800, 0x00007f287403d000, 0x00007f287403f000, 0x00007f28d0133000,
0x00007f286c012000, 0x00007f287001a800, 0x00007f28740ab000, 0x00007f286c014000,
0x00007f287028d000, 0x00007f286430c800, 0x00007f287414f000
}

Java Threads: ( => current thread )
  0x00007f28d0017800 JavaThread "main" [_thread_in_Java, id=6386, stack(0x00007f28d9a04000,0x00007f28d9b05000)]
  0x00007f28d0111800 JavaThread "Reference Handler" daemon [_thread_blocked, id=6405, stack(0x00007f28a8313000,0x00007f28a8414000)]
  0x00007f28d0113800 JavaThread "Finalizer" daemon [_thread_blocked, id=6406, stack(0x00007f28a8212000,0x00007f28a8313000)]
  0x00007f28d011c000 JavaThread "Signal Dispatcher" daemon [_thread_blocked, id=6407, stack(0x00007f288bd8c000,0x00007f288be8d000)]
  0x00007f28d011e000 JavaThread "Service Thread" daemon [_thread_blocked, id=6408, stack(0x00007f288bc8b000,0x00007f288bd8c000)]
  0x00007f28d0120000 JavaThread "C2 CompilerThread0" daemon [_thread_in_native, id=6409, stack(0x00007f288bb8a000,0x00007f288bc8b000)]
  0x00007f28d0122000 JavaThread "C1 CompilerThread0" daemon [_thread_blocked, id=6410, stack(0x00007f288ba89000,0x00007f288bb8a000)]
  0x00007f28d0124000 JavaThread "Sweeper thread" daemon [_thread_blocked, id=6411, stack(0x00007f288b988000,0x00007f288ba89000)]
  0x00007f287403b800 JavaThread "C1 CompilerThread1" daemon [_thread_blocked, id=6412, stack(0x00007f288b887000,0x00007f288b988000)]
  0x00007f287403d000 JavaThread "C1 CompilerThread2" daemon [_thread_in_native, id=6413, stack(0x00007f288b786000,0x00007f288b887000)]
  0x00007f287403f000 JavaThread "C1 CompilerThread3" daemon [_thread_blocked, id=6414, stack(0x00007f288b685000,0x00007f288b786000)]
  0x00007f28d0133000 JavaThread "Common-Cleaner" daemon [_thread_blocked, id=6415, stack(0x00007f288b584000,0x00007f288b685000)]
  0x00007f286c012000 JavaThread "C2 CompilerThread1" daemon [_thread_in_native, id=6416, stack(0x00007f288b483000,0x00007f288b584000)]
  0x00007f287001a800 JavaThread "C2 CompilerThread2" daemon [_thread_in_native, id=6417, stack(0x00007f288b382000,0x00007f288b483000)]
  0x00007f28740ab000 JavaThread "C2 CompilerThread3" daemon [_thread_in_native, id=6418, stack(0x00007f288b281000,0x00007f288b382000)]
=>0x00007f286c014000 JavaThread "C2 CompilerThread4" daemon [_thread_in_native, id=6419, stack(0x00007f288b180000,0x00007f288b281000)]
  0x00007f287028d000 JavaThread "C2 CompilerThread5" daemon [_thread_in_native, id=6429, stack(0x00007f288a2f6000,0x00007f288a3f7000)]
  0x00007f286430c800 JavaThread "C2 CompilerThread6" daemon [_thread_in_native, id=6430, stack(0x00007f288a1f5000,0x00007f288a2f6000)]
  0x00007f287414f000 JavaThread "C2 CompilerThread7" daemon [_thread_in_native, id=6431, stack(0x00007f288a0f4000,0x00007f288a1f5000)]

Other Threads:
  0x00007f28d010e800 VMThread "VM Thread" [stack: 0x00007f28a8416000,0x00007f28a8516000] [id=6404]
  0x00007f28d0163800 WatcherThread [stack: 0x00007f288b080000,0x00007f288b180000] [id=6420]
  0x00007f28d0030800 GCTaskThread "GC Thread#0" [stack: 0x00007f28d59ae000,0x00007f28d5aae000] [id=6387]
  0x00007f2898001000 GCTaskThread "GC Thread#1" [stack: 0x00007f288ab57000,0x00007f288ac57000] [id=6421]
  0x00007f28d008f000 ConcurrentGCThread "G1 Main Marker" [stack: 0x00007f28d4258000,0x00007f28d4358000] [id=6388]
  0x00007f28d0091000 ConcurrentGCThread "G1 Conc#0" [stack: 0x00007f28d4156000,0x00007f28d4256000] [id=6389]
  0x00007f28a4001000 ConcurrentGCThread "G1 Conc#1" [stack: 0x00007f288a855000,0x00007f288a955000] [id=6427]
  0x00007f28a4002800 ConcurrentGCThread "G1 Conc#2" [stack: 0x00007f288a753000,0x00007f288a853000] [id=6428]
  0x00007f28d00d0000 ConcurrentGCThread "G1 Refine#0" [stack: 0x00007f28a8e9b000,0x00007f28a8f9b000] [id=6390]
  0x00007f28d00d2000 ConcurrentGCThread "G1 Young RemSet Sampling" [stack: 0x00007f28a8d99000,0x00007f28a8e99000] [id=6391]

Threads with active compile tasks:
C2 CompilerThread0     3113 3719       4       com.sun.tools.javac.code.Types$HashCodeVisitor::visitClassType (10 bytes)
C1 CompilerThread2     3113 3806       3       com.sun.tools.javac.jvm.Code$State::push (238 bytes)
C2 CompilerThread1     3113 3743       4       com.sun.tools.javac.code.Types$HashCodeVisitor::visitClassType (92 bytes)
C2 CompilerThread2     3114 3586       4       com.sun.tools.javac.comp.Check::checkType (168 bytes)
C2 CompilerThread3     3114 3657       4       com.sun.tools.javac.comp.Attr::checkIdInternal (762 bytes)
C2 CompilerThread4     3114 3783       4       com.sun.tools.javac.jvm.Pool::put (170 bytes)
C2 CompilerThread5     3114 3651       4       com.sun.tools.javac.comp.Resolve$AbstractMethodCheck::argumentsAcceptable (288 bytes)
C2 CompilerThread6     3114 3770       4       com.sun.tools.javac.code.Symbol::hiddenInInternal (205 bytes)
C2 CompilerThread7     3114 3453       4       com.sun.tools.javac.comp.Attr$ResultInfo::check (21 bytes)

VM state:not at safepoint (normal execution)

VM Mutex/Monitor currently owned by a thread: None

Heap address: 0x0000000706e00000, size: 3986 MB, Compressed Oops mode: Zero based, Oop shift amount: 3
Narrow klass base: 0x0000000800000000, Narrow klass shift: 3
Compressed class space size: 1073741824 Address: 0x0000000840000000

Heap:
 garbage-first heap   total 101376K, used 18917K [0x0000000706e00000, 0x0000000800000000)
  region size 1024K, 6 young (6144K), 3 survivors (3072K)
 Metaspace       used 11614K, capacity 14131K, committed 14336K, reserved 1062912K
  class space    used 1142K, capacity 1485K, committed 1536K, reserved 1048576K
Heap Regions: E=young(eden), S=young(survivor), O=old, HS=humongous(starts), HC=humongous(continues), CS=collection set, F=free, A=archive, TAMS=top-at-mark-start (previous, next)
|   0|0x0000000706e00000, 0x0000000706f00000, 0x0000000706f00000|100%| O|  |TAMS 0x0000000706f00000, 0x0000000706e00000| Untracked 
|   1|0x0000000706f00000, 0x0000000707000000, 0x0000000707000000|100%| O|  |TAMS 0x0000000707000000, 0x0000000706f00000| Untracked 
|   2|0x0000000707000000, 0x0000000707100000, 0x0000000707100000|100%| O|  |TAMS 0x0000000707100000, 0x0000000707000000| Untracked 
|   3|0x0000000707100000, 0x0000000707200000, 0x0000000707200000|100%| O|  |TAMS 0x0000000707200000, 0x0000000707100000| Untracked 
|   4|0x0000000707200000, 0x0000000707300000, 0x0000000707300000|100%| O|  |TAMS 0x000000070727e800, 0x0000000707200000| Untracked 
|   5|0x0000000707300000, 0x0000000707400000, 0x0000000707400000|100%| O|  |TAMS 0x0000000707300000, 0x0000000707300000| Untracked 
|   6|0x0000000707400000, 0x0000000707500000, 0x0000000707500000|100%| O|  |TAMS 0x0000000707400000, 0x0000000707400000| Untracked 
|   7|0x0000000707500000, 0x0000000707600000, 0x0000000707600000|100%| O|  |TAMS 0x0000000707500000, 0x0000000707500000| Untracked 
|   8|0x0000000707600000, 0x0000000707700000, 0x0000000707700000|100%| O|  |TAMS 0x0000000707600000, 0x0000000707600000| Untracked 
|   9|0x0000000707700000, 0x0000000707800000, 0x0000000707800000|100%| O|  |TAMS 0x0000000707700000, 0x0000000707700000| Untracked 
|  10|0x0000000707800000, 0x0000000707900000, 0x0000000707900000|100%| O|  |TAMS 0x0000000707800000, 0x0000000707800000| Untracked 
|  11|0x0000000707900000, 0x0000000707a00000, 0x0000000707a00000|100%| O|  |TAMS 0x0000000707900000, 0x0000000707900000| Untracked 
|  12|0x0000000707a00000, 0x0000000707a60200, 0x0000000707b00000| 37%| O|  |TAMS 0x0000000707a00000, 0x0000000707a00000| Untracked 
|  13|0x0000000707b00000, 0x0000000707c00000, 0x0000000707c00000|100%|HS|  |TAMS 0x0000000707b00000, 0x0000000707b00000| Complete 
|  14|0x0000000707c00000, 0x0000000707c00000, 0x0000000707d00000|  0%| F|  |TAMS 0x0000000707c00000, 0x0000000707c00000| Untracked 
|  15|0x0000000707d00000, 0x0000000707d00000, 0x0000000707e00000|  0%| F|  |TAMS 0x0000000707d00000, 0x0000000707d00000| Untracked 
|  16|0x0000000707e00000, 0x0000000707e00000, 0x0000000707f00000|  0%| F|  |TAMS 0x0000000707e00000, 0x0000000707e00000| Untracked 
|  17|0x0000000707f00000, 0x0000000707f00000, 0x0000000708000000|  0%| F|  |TAMS 0x0000000707f00000, 0x0000000707f00000| Untracked 
|  18|0x0000000708000000, 0x0000000708000000, 0x0000000708100000|  0%| F|  |TAMS 0x0000000708000000, 0x0000000708000000| Untracked 
|  19|0x0000000708100000, 0x0000000708100000, 0x0000000708200000|  0%| F|  |TAMS 0x0000000708100000, 0x0000000708100000| Untracked 
|  20|0x0000000708200000, 0x0000000708200000, 0x0000000708300000|  0%| F|  |TAMS 0x0000000708200000, 0x0000000708200000| Untracked 
|  21|0x0000000708300000, 0x0000000708300000, 0x0000000708400000|  0%| F|  |TAMS 0x0000000708300000, 0x0000000708300000| Untracked 
|  22|0x0000000708400000, 0x0000000708400000, 0x0000000708500000|  0%| F|  |TAMS 0x0000000708400000, 0x0000000708400000| Untracked 
|  23|0x0000000708500000, 0x0000000708500000, 0x0000000708600000|  0%| F|  |TAMS 0x0000000708500000, 0x0000000708500000| Untracked 
|  24|0x0000000708600000, 0x0000000708600000, 0x0000000708700000|  0%| F|  |TAMS 0x0000000708600000, 0x0000000708600000| Untracked 
|  25|0x0000000708700000, 0x0000000708700000, 0x0000000708800000|  0%| F|  |TAMS 0x0000000708700000, 0x0000000708700000| Untracked 
|  26|0x0000000708800000, 0x0000000708800000, 0x0000000708900000|  0%| F|  |TAMS 0x0000000708800000, 0x0000000708800000| Untracked 
|  27|0x0000000708900000, 0x0000000708900000, 0x0000000708a00000|  0%| F|  |TAMS 0x0000000708900000, 0x0000000708900000| Untracked 
|  28|0x0000000708a00000, 0x0000000708a00000, 0x0000000708b00000|  0%| F|  |TAMS 0x0000000708a00000, 0x0000000708a00000| Untracked 
|  29|0x0000000708b00000, 0x0000000708b662f0, 0x0000000708c00000| 39%| S|CS|TAMS 0x0000000708b00000, 0x0000000708b00000| Complete 
|  30|0x0000000708c00000, 0x0000000708d00000, 0x0000000708d00000|100%| S|CS|TAMS 0x0000000708c00000, 0x0000000708c00000| Complete 
|  31|0x0000000708d00000, 0x0000000708d00000, 0x0000000708e00000|  0%| F|  |TAMS 0x0000000708d00000, 0x0000000708d00000| Untracked 
|  32|0x0000000708e00000, 0x0000000708e00000, 0x0000000708f00000|  0%| F|  |TAMS 0x0000000708e00000, 0x0000000708e00000| Untracked 
|  33|0x0000000708f00000, 0x0000000708f00000, 0x0000000709000000|  0%| F|  |TAMS 0x0000000708f00000, 0x0000000708f00000| Untracked 
|  34|0x0000000709000000, 0x0000000709100000, 0x0000000709100000|100%| S|CS|TAMS 0x0000000709000000, 0x0000000709000000| Complete 
|  35|0x0000000709100000, 0x0000000709100000, 0x0000000709200000|  0%| F|  |TAMS 0x0000000709100000, 0x0000000709100000| Untracked 
|  36|0x0000000709200000, 0x0000000709200000, 0x0000000709300000|  0%| F|  |TAMS 0x0000000709200000, 0x0000000709200000| Untracked 
|  37|0x0000000709300000, 0x0000000709300000, 0x0000000709400000|  0%| F|  |TAMS 0x0000000709300000, 0x0000000709300000| Untracked 
|  38|0x0000000709400000, 0x0000000709400000, 0x0000000709500000|  0%| F|  |TAMS 0x0000000709400000, 0x0000000709400000| Untracked 
|  39|0x0000000709500000, 0x0000000709500000, 0x0000000709600000|  0%| F|  |TAMS 0x0000000709500000, 0x0000000709500000| Untracked 
|  40|0x0000000709600000, 0x0000000709600000, 0x0000000709700000|  0%| F|  |TAMS 0x0000000709600000, 0x0000000709600000| Untracked 
|  41|0x0000000709700000, 0x0000000709700000, 0x0000000709800000|  0%| F|  |TAMS 0x0000000709700000, 0x0000000709700000| Untracked 
|  42|0x0000000709800000, 0x0000000709800000, 0x0000000709900000|  0%| F|  |TAMS 0x0000000709800000, 0x0000000709800000| Untracked 
|  43|0x0000000709900000, 0x0000000709900000, 0x0000000709a00000|  0%| F|  |TAMS 0x0000000709900000, 0x0000000709900000| Untracked 
|  44|0x0000000709a00000, 0x0000000709a00000, 0x0000000709b00000|  0%| F|  |TAMS 0x0000000709a00000, 0x0000000709a00000| Untracked 
|  45|0x0000000709b00000, 0x0000000709b00000, 0x0000000709c00000|  0%| F|  |TAMS 0x0000000709b00000, 0x0000000709b00000| Untracked 
|  46|0x0000000709c00000, 0x0000000709c00000, 0x0000000709d00000|  0%| F|  |TAMS 0x0000000709c00000, 0x0000000709c00000| Untracked 
|  47|0x0000000709d00000, 0x0000000709d00000, 0x0000000709e00000|  0%| F|  |TAMS 0x0000000709d00000, 0x0000000709d00000| Untracked 
|  48|0x0000000709e00000, 0x0000000709e00000, 0x0000000709f00000|  0%| F|  |TAMS 0x0000000709e00000, 0x0000000709e00000| Untracked 
|  49|0x0000000709f00000, 0x0000000709f00000, 0x000000070a000000|  0%| F|  |TAMS 0x0000000709f00000, 0x0000000709f00000| Untracked 
|  50|0x000000070a000000, 0x000000070a000000, 0x000000070a100000|  0%| F|  |TAMS 0x000000070a000000, 0x000000070a000000| Untracked 
|  51|0x000000070a100000, 0x000000070a100000, 0x000000070a200000|  0%| F|  |TAMS 0x000000070a100000, 0x000000070a100000| Untracked 
|  52|0x000000070a200000, 0x000000070a200000, 0x000000070a300000|  0%| F|  |TAMS 0x000000070a200000, 0x000000070a200000| Untracked 
|  53|0x000000070a300000, 0x000000070a300000, 0x000000070a400000|  0%| F|  |TAMS 0x000000070a300000, 0x000000070a300000| Untracked 
|  54|0x000000070a400000, 0x000000070a400000, 0x000000070a500000|  0%| F|  |TAMS 0x000000070a400000, 0x000000070a400000| Untracked 
|  55|0x000000070a500000, 0x000000070a500000, 0x000000070a600000|  0%| F|  |TAMS 0x000000070a500000, 0x000000070a500000| Untracked 
|  56|0x000000070a600000, 0x000000070a600000, 0x000000070a700000|  0%| F|  |TAMS 0x000000070a600000, 0x000000070a600000| Untracked 
|  57|0x000000070a700000, 0x000000070a700000, 0x000000070a800000|  0%| F|  |TAMS 0x000000070a700000, 0x000000070a700000| Untracked 
|  58|0x000000070a800000, 0x000000070a800000, 0x000000070a900000|  0%| F|  |TAMS 0x000000070a800000, 0x000000070a800000| Untracked 
|  59|0x000000070a900000, 0x000000070a900000, 0x000000070aa00000|  0%| F|  |TAMS 0x000000070a900000, 0x000000070a900000| Untracked 
|  60|0x000000070aa00000, 0x000000070aa00000, 0x000000070ab00000|  0%| F|  |TAMS 0x000000070aa00000, 0x000000070aa00000| Untracked 
|  61|0x000000070ab00000, 0x000000070ab00000, 0x000000070ac00000|  0%| F|  |TAMS 0x000000070ab00000, 0x000000070ab00000| Untracked 
|  62|0x000000070ac00000, 0x000000070ac00000, 0x000000070ad00000|  0%| F|  |TAMS 0x000000070ac00000, 0x000000070ac00000| Untracked 
|  63|0x000000070ad00000, 0x000000070ad00000, 0x000000070ae00000|  0%| F|  |TAMS 0x000000070ad00000, 0x000000070ad00000| Untracked 
|  64|0x000000070ae00000, 0x000000070ae00000, 0x000000070af00000|  0%| F|  |TAMS 0x000000070ae00000, 0x000000070ae00000| Untracked 
|  65|0x000000070af00000, 0x000000070af00000, 0x000000070b000000|  0%| F|  |TAMS 0x000000070af00000, 0x000000070af00000| Untracked 
|  66|0x000000070b000000, 0x000000070b000000, 0x000000070b100000|  0%| F|  |TAMS 0x000000070b000000, 0x000000070b000000| Untracked 
|  67|0x000000070b100000, 0x000000070b100000, 0x000000070b200000|  0%| F|  |TAMS 0x000000070b100000, 0x000000070b100000| Untracked 
|  68|0x000000070b200000, 0x000000070b200000, 0x000000070b300000|  0%| F|  |TAMS 0x000000070b200000, 0x000000070b200000| Untracked 
|  69|0x000000070b300000, 0x000000070b300000, 0x000000070b400000|  0%| F|  |TAMS 0x000000070b300000, 0x000000070b300000| Untracked 
|  70|0x000000070b400000, 0x000000070b400000, 0x000000070b500000|  0%| F|  |TAMS 0x000000070b400000, 0x000000070b400000| Untracked 
|  71|0x000000070b500000, 0x000000070b500000, 0x000000070b600000|  0%| F|  |TAMS 0x000000070b500000, 0x000000070b500000| Untracked 
|  72|0x000000070b600000, 0x000000070b600000, 0x000000070b700000|  0%| F|  |TAMS 0x000000070b600000, 0x000000070b600000| Untracked 
|  73|0x000000070b700000, 0x000000070b700000, 0x000000070b800000|  0%| F|  |TAMS 0x000000070b700000, 0x000000070b700000| Untracked 
|  74|0x000000070b800000, 0x000000070b800000, 0x000000070b900000|  0%| F|  |TAMS 0x000000070b800000, 0x000000070b800000| Untracked 
|  75|0x000000070b900000, 0x000000070b900000, 0x000000070ba00000|  0%| F|  |TAMS 0x000000070b900000, 0x000000070b900000| Untracked 
|  76|0x000000070ba00000, 0x000000070ba00000, 0x000000070bb00000|  0%| F|  |TAMS 0x000000070ba00000, 0x000000070ba00000| Untracked 
|  77|0x000000070bb00000, 0x000000070bb00000, 0x000000070bc00000|  0%| F|  |TAMS 0x000000070bb00000, 0x000000070bb00000| Untracked 
|  78|0x000000070bc00000, 0x000000070bc00000, 0x000000070bd00000|  0%| F|  |TAMS 0x000000070bc00000, 0x000000070bc00000| Untracked 
|  79|0x000000070bd00000, 0x000000070bd00000, 0x000000070be00000|  0%| F|  |TAMS 0x000000070bd00000, 0x000000070bd00000| Untracked 
|  80|0x000000070be00000, 0x000000070be00000, 0x000000070bf00000|  0%| F|  |TAMS 0x000000070be00000, 0x000000070be00000| Untracked 
|  81|0x000000070bf00000, 0x000000070bf00000, 0x000000070c000000|  0%| F|  |TAMS 0x000000070bf00000, 0x000000070bf00000| Untracked 
|  82|0x000000070c000000, 0x000000070c000000, 0x000000070c100000|  0%| F|  |TAMS 0x000000070c000000, 0x000000070c000000| Untracked 
|  83|0x000000070c100000, 0x000000070c100000, 0x000000070c200000|  0%| F|  |TAMS 0x000000070c100000, 0x000000070c100000| Untracked 
|  84|0x000000070c200000, 0x000000070c200000, 0x000000070c300000|  0%| F|  |TAMS 0x000000070c200000, 0x000000070c200000| Untracked 
|  85|0x000000070c300000, 0x000000070c300000, 0x000000070c400000|  0%| F|  |TAMS 0x000000070c300000, 0x000000070c300000| Untracked 
|  86|0x000000070c400000, 0x000000070c400000, 0x000000070c500000|  0%| F|  |TAMS 0x000000070c400000, 0x000000070c400000| Untracked 
|  87|0x000000070c500000, 0x000000070c500000, 0x000000070c600000|  0%| F|  |TAMS 0x000000070c500000, 0x000000070c500000| Untracked 
|  88|0x000000070c600000, 0x000000070c600000, 0x000000070c700000|  0%| F|  |TAMS 0x000000070c600000, 0x000000070c600000| Untracked 
|  89|0x000000070c700000, 0x000000070c700000, 0x000000070c800000|  0%| F|  |TAMS 0x000000070c700000, 0x000000070c700000| Untracked 
|  90|0x000000070c800000, 0x000000070c800000, 0x000000070c900000|  0%| F|  |TAMS 0x000000070c800000, 0x000000070c800000| Untracked 
|  91|0x000000070c900000, 0x000000070c900000, 0x000000070ca00000|  0%| F|  |TAMS 0x000000070c900000, 0x000000070c900000| Untracked 
|  92|0x000000070ca00000, 0x000000070ca00000, 0x000000070cb00000|  0%| F|  |TAMS 0x000000070ca00000, 0x000000070ca00000| Untracked 
|  93|0x000000070cb00000, 0x000000070cb00800, 0x000000070cc00000|  0%| E|  |TAMS 0x000000070cb00000, 0x000000070cb00000| Complete 
|  94|0x000000070cc00000, 0x000000070cd00000, 0x000000070cd00000|100%| E|CS|TAMS 0x000000070cc00000, 0x000000070cc00000| Complete 
|  95|0x000000070cd00000, 0x000000070ce00000, 0x000000070ce00000|100%| E|CS|TAMS 0x000000070cd00000, 0x000000070cd00000| Complete 
|  96|0x000000070ce00000, 0x000000070cf00000, 0x000000070cf00000|100%| E|CS|TAMS 0x000000070ce00000, 0x000000070ce00000| Complete 
|2960|0x00000007bfe00000, 0x00000007bfe48000, 0x00000007bff00000| 28%|OA|  |TAMS 0x00000007bfe48000, 0x00000007bfe00000| Untracked 
|2961|0x00000007bff00000, 0x00000007bff6b000, 0x00000007c0000000| 41%|CA|  |TAMS 0x00000007bff6b000, 0x00000007bff00000| Untracked 

Card table byte_map: [0x00007f28b802f000,0x00007f28b87f8000] _byte_map_base: 0x00007f28b47f8000

Marking Bits (Prev, Next): (CMBitMap*) 0x00007f28d007eb30, (CMBitMap*) 0x00007f28d007eaf8
 Prev Bits: [0x00007f28abba7000, 0x00007f28af9ef000)
 Next Bits: [0x00007f28af9ef000, 0x00007f28b3837000)

Polling page: 0x00007f28d9b14000

Metaspace:

Usage:
  Non-class:     12.35 MB capacity,    10.23 MB ( 83%) used,     2.09 MB ( 17%) free+waste,    37.38 KB ( <1%) overhead. 
      Class:      1.45 MB capacity,     1.12 MB ( 77%) used,   326.66 KB ( 22%) free+waste,    16.06 KB (  1%) overhead. 
       Both:     13.80 MB capacity,    11.34 MB ( 82%) used,     2.41 MB ( 17%) free+waste,    53.44 KB ( <1%) overhead. 

Virtual space:
  Non-class space:       14.00 MB reserved,      12.50 MB ( 89%) committed 
      Class space:        1.00 GB reserved,       1.50 MB ( <1%) committed 
             Both:        1.01 GB reserved,      14.00 MB (  1%) committed 

Chunk freelists:
   Non-Class:  74.00 KB
       Class:  19.00 KB
        Both:  93.00 KB

MaxMetaspaceSize: unlimited
CompressedClassSpaceSize: 1.00 GB
Initial GC threshold: 20.80 MB
Current GC threshold: 20.80 MB
CDS: on

CodeHeap 'non-profiled nmethods': size=119172Kb used=2533Kb max_used=2533Kb free=116638Kb
 bounds [0x00007f28c0397000, 0x00007f28c0617000, 0x00007f28c77f8000]
CodeHeap 'profiled nmethods': size=119168Kb used=11580Kb max_used=11580Kb free=107587Kb
 bounds [0x00007f28b8f37000, 0x00007f28b9a87000, 0x00007f28c0397000]
CodeHeap 'non-nmethods': size=7420Kb used=2877Kb max_used=2932Kb free=4542Kb
 bounds [0x00007f28b87f8000, 0x00007f28b8ae8000, 0x00007f28b8f37000]
 total_blobs=4139 nmethods=3749 adapters=296
 compilation: enabled
              stopped_count=0, restarted_count=0
 full_count=0

Compilation events (20 events):
Event: 3.104 Thread 0x00007f28d0122000 nmethod 3795 0x00007f28b9a76810 code [0x00007f28b9a769c0, 0x00007f28b9a76b80]
Event: 3.104 Thread 0x00007f287403d000 nmethod 3796 0x00007f28b9a76c90 code [0x00007f28b9a76e40, 0x00007f28b9a77070]
Event: 3.105 Thread 0x00007f287403b800 3797   !   3       com.sun.tools.javac.jvm.ClassReader::readClassFile (556 bytes)
Event: 3.105 Thread 0x00007f287403f000 3798   !   3       com.sun.tools.javac.code.ClassFinder::getSupplementaryFlags (192 bytes)
Event: 3.106 Thread 0x00007f28d0122000 3799       3       com.sun.tools.javac.code.Symbol$ClassSymbol::getRawAttributes (9 bytes)
Event: 3.107 Thread 0x00007f28d0122000 nmethod 3799 0x00007f28b9a77110 code [0x00007f28b9a77300, 0x00007f28b9a77760]
Event: 3.107 Thread 0x00007f287403f000 nmethod 3798 0x00007f28b9a77910 code [0x00007f28b9a77c60, 0x00007f28b9a79710]
Event: 3.108 Thread 0x00007f287403b800 nmethod 3797 0x00007f28b9a7a090 code [0x00007f28b9a7a700, 0x00007f28b9a7edc0]
Event: 3.108 Thread 0x00007f287403d000 3800       1       com.sun.tools.javac.jvm.Pool::numEntries (5 bytes)
Event: 3.108 Thread 0x00007f28d0122000 3801       3       com.sun.tools.javac.file.JavacFileManager::getClassOutDir (11 bytes)
Event: 3.108 Thread 0x00007f287403f000 3802       3       com.sun.tools.javac.file.Locations::getOutputLocation (31 bytes)
Event: 3.108 Thread 0x00007f287403d000 nmethod 3800 0x00007f28c060fc10 code [0x00007f28c060fdc0, 0x00007f28c060fe90]
Event: 3.108 Thread 0x00007f287403b800 3803       3       com.sun.tools.javac.jvm.ClassWriter::writeFields (88 bytes)
Event: 3.109 Thread 0x00007f28d0122000 nmethod 3801 0x00007f28b9a80f10 code [0x00007f28b9a81100, 0x00007f28b9a81540]
Event: 3.109 Thread 0x00007f287403f000 nmethod 3802 0x00007f28b9a81710 code [0x00007f28b9a81940, 0x00007f28b9a82350]
Event: 3.109 Thread 0x00007f287403f000 3804       1       com.sun.tools.javac.jvm.ClassWriter::writeExtraClassAttributes (2 bytes)
Event: 3.109 Thread 0x00007f287403f000 nmethod 3804 0x00007f28c060ff10 code [0x00007f28c06100c0, 0x00007f28c0610190]
Event: 3.109 Thread 0x00007f287403f000 3805       1       com.sun.tools.javac.code.Preview::isEnabled (5 bytes)
Event: 3.109 Thread 0x00007f287403f000 nmethod 3805 0x00007f28c0610210 code [0x00007f28c06103c0, 0x00007f28c0610490]
Event: 3.109 Thread 0x00007f287403b800 nmethod 3803 0x00007f28b9a82590 code [0x00007f28b9a82820, 0x00007f28b9a83740]

GC Heap History (20 events):
Event: 1.521 GC heap before
{Heap before GC invocations=20 (full 0):
 garbage-first heap   total 15360K, used 7907K [0x0000000706e00000, 0x0000000800000000)
  region size 1024K, 3 young (3072K), 1 survivors (1024K)
 Metaspace       used 8346K, capacity 11131K, committed 11264K, reserved 1058816K
  class space    used 943K, capacity 1248K, committed 1280K, reserved 1048576K
}
Event: 1.523 GC heap after
{Heap after GC invocations=21 (full 0):
 garbage-first heap   total 15360K, used 6157K [0x0000000706e00000, 0x0000000800000000)
  region size 1024K, 1 young (1024K), 1 survivors (1024K)
 Metaspace       used 8346K, capacity 11131K, committed 11264K, reserved 1058816K
  class space    used 943K, capacity 1248K, committed 1280K, reserved 1048576K
}
Event: 1.528 GC heap before
{Heap before GC invocations=21 (full 0):
 garbage-first heap   total 15360K, used 8205K [0x0000000706e00000, 0x0000000800000000)
  region size 1024K, 3 young (3072K), 1 survivors (1024K)
 Metaspace       used 8346K, capacity 11131K, committed 11264K, reserved 1058816K
  class space    used 943K, capacity 1248K, committed 1280K, reserved 1048576K
}
Event: 1.530 GC heap after
{Heap after GC invocations=22 (full 0):
 garbage-first heap   total 28672K, used 6376K [0x0000000706e00000, 0x0000000800000000)
  region size 1024K, 1 young (1024K), 1 survivors (1024K)
 Metaspace       used 8346K, capacity 11131K, committed 11264K, reserved 1058816K
  class space    used 943K, capacity 1248K, committed 1280K, reserved 1048576K
}
Event: 1.633 GC heap before
{Heap before GC invocations=23 (full 0):
 garbage-first heap   total 28672K, used 12520K [0x0000000706e00000, 0x0000000800000000)
  region size 1024K, 8 young (8192K), 1 survivors (1024K)
 Metaspace       used 8677K, capacity 11462K, committed 11648K, reserved 1058816K
  class space    used 967K, capacity 1292K, committed 1408K, reserved 1048576K
}
Event: 1.636 GC heap after
{Heap after GC invocations=24 (full 0):
 garbage-first heap   total 28672K, used 7831K [0x0000000706e00000, 0x0000000800000000)
  region size 1024K, 1 young (1024K), 1 survivors (1024K)
 Metaspace       used 8677K, capacity 11462K, committed 11648K, reserved 1058816K
  class space    used 967K, capacity 1292K, committed 1408K, reserved 1048576K
}
Event: 1.708 GC heap before
{Heap before GC invocations=24 (full 0):
 garbage-first heap   total 28672K, used 14999K [0x0000000706e00000, 0x0000000800000000)
  region size 1024K, 8 young (8192K), 1 survivors (1024K)
 Metaspace       used 8893K, capacity 11618K, committed 11904K, reserved 1060864K
  class space    used 971K, capacity 1297K, committed 1408K, reserved 1048576K
}
Event: 1.713 GC heap after
{Heap after GC invocations=25 (full 0):
 garbage-first heap   total 28672K, used 9861K [0x0000000706e00000, 0x0000000800000000)
  region size 1024K, 1 young (1024K), 1 survivors (1024K)
 Metaspace       used 8893K, capacity 11618K, committed 11904K, reserved 1060864K
  class space    used 971K, capacity 1297K, committed 1408K, reserved 1048576K
}
Event: 1.767 GC heap before
{Heap before GC invocations=25 (full 0):
 garbage-first heap   total 28672K, used 16005K [0x0000000706e00000, 0x0000000800000000)
  region size 1024K, 7 young (7168K), 1 survivors (1024K)
 Metaspace       used 8939K, capacity 11683K, committed 11904K, reserved 1060864K
  class space    used 971K, capacity 1297K, committed 1408K, reserved 1048576K
}
Event: 1.772 GC heap after
{Heap after GC invocations=26 (full 0):
 garbage-first heap   total 28672K, used 11409K [0x0000000706e00000, 0x0000000800000000)
  region size 1024K, 1 young (1024K), 1 survivors (1024K)
 Metaspace       used 8939K, capacity 11683K, committed 11904K, reserved 1060864K
  class space    used 971K, capacity 1297K, committed 1408K, reserved 1048576K
}
Event: 1.927 GC heap before
{Heap before GC invocations=26 (full 0):
 garbage-first heap   total 28672K, used 17553K [0x0000000706e00000, 0x0000000800000000)
  region size 1024K, 7 young (7168K), 1 survivors (1024K)
 Metaspace       used 9663K, capacity 12359K, committed 12416K, reserved 1060864K
  class space    used 1044K, capacity 1393K, committed 1408K, reserved 1048576K
}
Event: 1.930 GC heap after
{Heap after GC invocations=27 (full 0):
 garbage-first heap   total 57344K, used 12547K [0x0000000706e00000, 0x0000000800000000)
  region size 1024K, 1 young (1024K), 1 survivors (1024K)
 Metaspace       used 9663K, capacity 12359K, committed 12416K, reserved 1060864K
  class space    used 1044K, capacity 1393K, committed 1408K, reserved 1048576K
}
Event: 2.260 GC heap before
{Heap before GC invocations=27 (full 0):
 garbage-first heap   total 57344K, used 25859K [0x0000000706e00000, 0x0000000800000000)
  region size 1024K, 14 young (14336K), 1 survivors (1024K)
 Metaspace       used 10921K, capacity 13573K, committed 13824K, reserved 1060864K
  class space    used 1101K, capacity 1430K, committed 1536K, reserved 1048576K
}
Event: 2.267 GC heap after
{Heap after GC invocations=28 (full 0):
 garbage-first heap   total 57344K, used 13436K [0x0000000706e00000, 0x0000000800000000)
  region size 1024K, 2 young (2048K), 2 survivors (2048K)
 Metaspace       used 10921K, capacity 13573K, committed 13824K, reserved 1060864K
  class space    used 1101K, capacity 1430K, committed 1536K, reserved 1048576K
}
Event: 2.586 GC heap before
{Heap before GC invocations=28 (full 0):
 garbage-first heap   total 57344K, used 29820K [0x0000000706e00000, 0x0000000800000000)
  region size 1024K, 18 young (18432K), 2 survivors (2048K)
 Metaspace       used 11284K, capacity 13840K, committed 14080K, reserved 1062912K
  class space    used 1129K, capacity 1477K, committed 1536K, reserved 1048576K
}
Event: 2.593 GC heap after
{Heap after GC invocations=29 (full 0):
 garbage-first heap   total 57344K, used 14168K [0x0000000706e00000, 0x0000000800000000)
  region size 1024K, 2 young (2048K), 2 survivors (2048K)
 Metaspace       used 11284K, capacity 13840K, committed 14080K, reserved 1062912K
  class space    used 1129K, capacity 1477K, committed 1536K, reserved 1048576K
}
Event: 2.794 GC heap before
{Heap before GC invocations=29 (full 0):
 garbage-first heap   total 57344K, used 32600K [0x0000000706e00000, 0x0000000800000000)
  region size 1024K, 20 young (20480K), 2 survivors (2048K)
 Metaspace       used 11395K, capacity 13976K, committed 14336K, reserved 1062912K
  class space    used 1131K, capacity 1478K, committed 1536K, reserved 1048576K
}
Event: 2.802 GC heap after
{Heap after GC invocations=30 (full 0):
 garbage-first heap   total 57344K, used 14857K [0x0000000706e00000, 0x0000000800000000)
  region size 1024K, 3 young (3072K), 3 survivors (3072K)
 Metaspace       used 11395K, capacity 13976K, committed 14336K, reserved 1062912K
  class space    used 1131K, capacity 1478K, committed 1536K, reserved 1048576K
}
Event: 3.053 GC heap before
{Heap before GC invocations=30 (full 0):
 garbage-first heap   total 57344K, used 34313K [0x0000000706e00000, 0x0000000800000000)
  region size 1024K, 22 young (22528K), 3 survivors (3072K)
 Metaspace       used 11592K, capacity 14131K, committed 14336K, reserved 1062912K
  class space    used 1141K, capacity 1485K, committed 1536K, reserved 1048576K
}
Event: 3.067 GC heap after
{Heap after GC invocations=31 (full 0):
 garbage-first heap   total 101376K, used 15845K [0x0000000706e00000, 0x0000000800000000)
  region size 1024K, 3 young (3072K), 3 survivors (3072K)
 Metaspace       used 11592K, capacity 14131K, committed 14336K, reserved 1062912K
  class space    used 1141K, capacity 1485K, committed 1536K, reserved 1048576K
}

Deoptimization events (20 events):
Event: 3.040 Thread 0x00007f28d0017800 Uncommon trap: trap_request=0xffffffc6 fr.pc=0x00007f28c05b2fd8 relative=0x00000000000001f8
Event: 3.040 Thread 0x00007f28d0017800 Uncommon trap: reason=bimorphic_or_optimized_type_check action=maybe_recompile pc=0x00007f28c05b2fd8 method=com.sun.tools.javac.code.Symbol.isStatic()Z @ 17 c2
Event: 3.040 Thread 0x00007f28d0017800 DEOPT PACKING pc=0x00007f28c05b2fd8 sp=0x00007f28d9b02140
Event: 3.040 Thread 0x00007f28d0017800 DEOPT UNPACKING pc=0x00007f28b8841ea5 sp=0x00007f28d9b02100 mode 2
Event: 3.040 Thread 0x00007f28d0017800 Uncommon trap: trap_request=0xffffffc6 fr.pc=0x00007f28c05b2fd8 relative=0x00000000000001f8
Event: 3.040 Thread 0x00007f28d0017800 Uncommon trap: reason=bimorphic_or_optimized_type_check action=maybe_recompile pc=0x00007f28c05b2fd8 method=com.sun.tools.javac.code.Symbol.isStatic()Z @ 17 c2
Event: 3.040 Thread 0x00007f28d0017800 DEOPT PACKING pc=0x00007f28c05b2fd8 sp=0x00007f28d9b03080
Event: 3.040 Thread 0x00007f28d0017800 DEOPT UNPACKING pc=0x00007f28b8841ea5 sp=0x00007f28d9b03038 mode 2
Event: 3.044 Thread 0x00007f28d0017800 DEOPT PACKING pc=0x00007f28b955bcee sp=0x00007f28d9b03490
Event: 3.044 Thread 0x00007f28d0017800 DEOPT UNPACKING pc=0x00007f28b884264a sp=0x00007f28d9b02948 mode 0
Event: 3.051 Thread 0x00007f28d0017800 DEOPT PACKING pc=0x00007f28b955bcee sp=0x00007f28d9b03490
Event: 3.051 Thread 0x00007f28d0017800 DEOPT UNPACKING pc=0x00007f28b884264a sp=0x00007f28d9b02948 mode 0
Event: 3.097 Thread 0x00007f28d0017800 Uncommon trap: trap_request=0xffffff4d fr.pc=0x00007f28c0410330 relative=0x0000000000000b70
Event: 3.097 Thread 0x00007f28d0017800 Uncommon trap: reason=unstable_if action=reinterpret pc=0x00007f28c0410330 method=com.sun.tools.javac.util.ArrayUtils.ensureCapacity([BI)[B @ 3 c2
Event: 3.097 Thread 0x00007f28d0017800 DEOPT PACKING pc=0x00007f28c0410330 sp=0x00007f28d9b03180
Event: 3.097 Thread 0x00007f28d0017800 DEOPT UNPACKING pc=0x00007f28b8841ea5 sp=0x00007f28d9b030a8 mode 2
Event: 3.107 Thread 0x00007f28d0017800 Uncommon trap: trap_request=0xffffff4d fr.pc=0x00007f28c0518984 relative=0x0000000000000804
Event: 3.107 Thread 0x00007f28d0017800 Uncommon trap: reason=unstable_if action=reinterpret pc=0x00007f28c0518984 method=com.sun.tools.javac.jvm.Code$State.push(Lcom/sun/tools/javac/code/Type;)V @ 46 c2
Event: 3.107 Thread 0x00007f28d0017800 DEOPT PACKING pc=0x00007f28c0518984 sp=0x00007f28d9b01290
Event: 3.107 Thread 0x00007f28d0017800 DEOPT UNPACKING pc=0x00007f28b8841ea5 sp=0x00007f28d9b01270 mode 2

Classes redefined (0 events):
No events

Internal exceptions (13 events):
Event: 1.048 Thread 0x00007f28d0017800 Exception <a 'java/lang/NoSuchMethodError'{0x000000070732c188}: 'int java.lang.invoke.DirectMethodHandle$Holder.invokeVirtual(java.lang.Object, java.lang.Object, java.lang.Object)'> (0x000000070732c188) thrown at [src/hotspot/share/interpreter/linkResolver.cpp, line 773]
Event: 1.103 Thread 0x00007f28d0017800 Exception <a 'java/lang/NoSuchMethodError'{0x0000000707546a58}: 'int java.lang.invoke.DirectMethodHandle$Holder.invokeStaticInit(java.lang.Object, java.lang.Object)'> (0x0000000707546a58) thrown at [src/hotspot/share/interpreter/linkResolver.cpp, line 773]
Event: 1.148 Thread 0x00007f28d0017800 Exception <a 'java/lang/NoSuchMethodError'{0x0000000707418230}: 'int java.lang.invoke.DirectMethodHandle$Holder.invokeVirtual(java.lang.Object, java.lang.Object)'> (0x0000000707418230) thrown at [src/hotspot/share/interpreter/linkResolver.cpp, line 773]
Event: 1.154 Thread 0x00007f28d0017800 Exception <a 'java/lang/NoSuchMethodError'{0x0000000707449618}: 'java.lang.Object java.lang.invoke.Invokers$Holder.linkToTargetMethod(java.lang.Object, java.lang.Object, java.lang.Object, java.lang.Object, java.lang.Object, java.lang.Object)'> (0x0000000707449618) thrown at [src/hotspot/share/interpreter/linkResolver.cpp, line 773]
Event: 1.207 Thread 0x00007f28d0017800 Exception <a 'java/lang/NoSuchMethodError'{0x0000000707524460}: 'int java.lang.invoke.DirectMethodHandle$Holder.invokeSpecialIFC(java.lang.Object, java.lang.Object, int)'> (0x0000000707524460) thrown at [src/hotspot/share/interpreter/linkResolver.cpp, line 773]
Event: 1.366 Thread 0x00007f28d0017800 Exception <a 'java/lang/NoSuchMethodError'{0x000000070755e8a8}: 'int java.lang.invoke.DirectMethodHandle$Holder.invokeSpecial(java.lang.Object, java.lang.Object, java.lang.Object, java.lang.Object)'> (0x000000070755e8a8) thrown at [src/hotspot/share/interpreter/linkResolver.cpp, line 773]
Event: 1.428 Thread 0x00007f28d0017800 Exception <a 'java/lang/NoSuchMethodError'{0x00000007077183f0}: 'int java.lang.invoke.DirectMethodHandle$Holder.invokeSpecial(java.lang.Object, java.lang.Object, java.lang.Object, java.lang.Object, java.lang.Object)'> (0x00000007077183f0) thrown at [src/hotspot/share/interpreter/linkResolver.cpp, line 773]
Event: 1.843 Thread 0x00007f28d0017800 Exception <a 'java/lang/NoSuchMethodError'{0x00000007084ce398}: 'void java.lang.invoke.DirectMethodHandle$Holder.invokeVirtual(java.lang.Object, java.lang.Object)'> (0x00000007084ce398) thrown at [src/hotspot/share/interpreter/linkResolver.cpp, line 773]
Event: 1.933 Thread 0x00007f28d0017800 Implicit null exception at 0x00007f28c047d700 to 0x00007f28c047d799
Event: 2.438 Thread 0x00007f28d0017800 Exception <a 'java/lang/NoSuchMethodError'{0x0000000709b468a0}: 'int java.lang.invoke.DirectMethodHandle$Holder.invokeVirtual(java.lang.Object, java.lang.Object, java.lang.Object, java.lang.Object)'> (0x0000000709b468a0) thrown at [src/hotspot/share/interpreter/linkResolver.cpp, line 773]
Event: 2.439 Thread 0x00007f28d0017800 Exception <a 'java/lang/NoSuchMethodError'{0x0000000709b51cd8}: 'java.lang.Object java.lang.invoke.DirectMethodHandle$Holder.invokeStatic(java.lang.Object, java.lang.Object, int, java.lang.Object)'> (0x0000000709b51cd8) thrown at [src/hotspot/share/interpreter/linkResolver.cpp, line 773]
Event: 2.441 Thread 0x00007f28d0017800 Exception <a 'java/lang/NoSuchMethodError'{0x0000000709b58a58}: 'java.lang.Object java.lang.invoke.Invokers$Holder.linkToTargetMethod(java.lang.Object, int, java.lang.Object, java.lang.Object)'> (0x0000000709b58a58) thrown at [src/hotspot/share/interpreter/linkResolver.cpp, line 773]
Event: 2.442 Thread 0x00007f28d0017800 Exception <a 'java/lang/NoSuchMethodError'{0x0000000709b5e568}: 'java.lang.Object java.lang.invoke.DirectMethodHandle$Holder.invokeVirtual(java.lang.Object, java.lang.Object, java.lang.Object)'> (0x0000000709b5e568) thrown at [src/hotspot/share/interpreter/linkResolver.cpp, line 773]

Events (20 events):
Event: 3.031 loading class com/sun/tools/javac/code/Attribute
Event: 3.031 loading class com/sun/tools/javac/code/Attribute done
Event: 3.032 loading class com/sun/tools/javac/code/Symbol
Event: 3.032 loading class com/sun/tools/javac/code/Symbol done
Event: 3.032 loading class com/sun/tools/javac/code/Attribute
Event: 3.032 loading class com/sun/tools/javac/code/Attribute done
Event: 3.032 loading class com/sun/tools/javac/code/TypeAnnotations
Event: 3.032 loading class com/sun/tools/javac/code/TypeAnnotations done
Event: 3.032 loading class com/sun/tools/javac/code/TypeAnnotations$AnnotationType
Event: 3.032 loading class com/sun/tools/javac/code/TypeAnnotations$AnnotationType done
Event: 3.032 loading class com/sun/tools/javac/code/TypeAnnotations$AnnotationType
Event: 3.032 loading class com/sun/tools/javac/code/TypeAnnotations$AnnotationType done
Event: 3.032 loading class com/sun/tools/javac/code/TypeAnnotations
Event: 3.032 loading class com/sun/tools/javac/code/TypeAnnotations done
Event: 3.032 loading class java/util/stream/ReduceOps$1
Event: 3.032 loading class java/util/stream/ReduceOps$1 done
Event: 3.032 loading class java/util/stream/ReduceOps$1ReducingSink
Event: 3.033 loading class java/util/stream/ReduceOps$1ReducingSink done
Event: 3.053 Executing VM operation: G1CollectForAllocation
Event: 3.067 Executing VM operation: G1CollectForAllocation done


Dynamic libraries:
706e00000-70cf00000 rw-p 00000000 00:00 0 
70cf00000-7bfe00000 ---p 00000000 00:00 0 
7bfe00000-7bfe48000 rw-p 00b0a000 08:20 186842                           /usr/lib/jvm/java-11-openjdk-amd64/lib/server/classes.jsa
7bfe48000-7bff00000 rw-p 00000000 00:00 0 
7bff00000-7bff6b000 rw-p 00a9f000 08:20 186842                           /usr/lib/jvm/java-11-openjdk-amd64/lib/server/classes.jsa
7bff6b000-7c0000000 rw-p 00000000 00:00 0 
7c0000000-800000000 ---p 00000000 00:00 0 
800000000-800002000 rwxp 00001000 08:20 186842                           /usr/lib/jvm/java-11-openjdk-amd64/lib/server/classes.jsa
800002000-8003cc000 rw-p 00003000 08:20 186842                           /usr/lib/jvm/java-11-openjdk-amd64/lib/server/classes.jsa
8003cc000-800a9d000 r--p 003cd000 08:20 186842                           /usr/lib/jvm/java-11-openjdk-amd64/lib/server/classes.jsa
800a9d000-800a9e000 rw-p 00a9e000 08:20 186842                           /usr/lib/jvm/java-11-openjdk-amd64/lib/server/classes.jsa
840000000-840180000 rw-p 00000000 00:00 0 
840180000-880000000 ---p 00000000 00:00 0 
560579000000-560579001000 r-xp 00000000 08:20 224322                     /usr/lib/jvm/java-11-openjdk-amd64/bin/javac
560579201000-560579202000 r--p 00001000 08:20 224322                     /usr/lib/jvm/java-11-openjdk-amd64/bin/javac
560579202000-560579203000 rw-p 00002000 08:20 224322                     /usr/lib/jvm/java-11-openjdk-amd64/bin/javac
56057ac64000-56057ac85000 rw-p 00000000 00:00 0                          [heap]
7f2834000000-7f28353b2000 rw-p 00000000 00:00 0 
7f28353b2000-7f2838000000 ---p 00000000 00:00 0 
7f283c000000-7f283d1e3000 rw-p 00000000 00:00 0 
7f283d1e3000-7f2840000000 ---p 00000000 00:00 0 
7f2840000000-7f2840dcc000 rw-p 00000000 00:00 0 
7f2840dcc000-7f2844000000 ---p 00000000 00:00 0 
7f2844000000-7f2844021000 rw-p 00000000 00:00 0 
7f2844021000-7f2848000000 ---p 00000000 00:00 0 
7f2848000000-7f2848021000 rw-p 00000000 00:00 0 
7f2848021000-7f284c000000 ---p 00000000 00:00 0 
7f284c000000-7f284c021000 rw-p 00000000 00:00 0 
7f284c021000-7f2850000000 ---p 00000000 00:00 0 
7f2850000000-7f2850030000 rw-p 00000000 00:00 0 
7f2850030000-7f2854000000 ---p 00000000 00:00 0 
7f2854000000-7f2855780000 rw-p 00000000 00:00 0 
7f2855780000-7f2858000000 ---p 00000000 00:00 0 
7f2858000000-7f28592b4000 rw-p 00000000 00:00 0 
7f28592b4000-7f285c000000 ---p 00000000 00:00 0 
7f285c000000-7f285d377000 rw-p 00000000 00:00 0 
7f285d377000-7f2860000000 ---p 00000000 00:00 0 
7f2860000000-7f28614b4000 rw-p 00000000 00:00 0 
7f28614b4000-7f2864000000 ---p 00000000 00:00 0 
7f2864000000-7f28645c4000 rw-p 00000000 00:00 0 
7f28645c4000-7f2868000000 ---p 00000000 00:00 0 
7f2868000000-7f2868021000 rw-p 00000000 00:00 0 
7f2868021000-7f286c000000 ---p 00000000 00:00 0 
7f286c000000-7f286c49d000 rw-p 00000000 00:00 0 
7f286c49d000-7f2870000000 ---p 00000000 00:00 0 
7f2870000000-7f2870584000 rw-p 00000000 00:00 0 
7f2870584000-7f2874000000 ---p 00000000 00:00 0 
7f2874000000-7f287464f000 rw-p 00000000 00:00 0 
7f287464f000-7f2878000000 ---p 00000000 00:00 0 
7f2878000000-7f2878021000 rw-p 00000000 00:00 0 
7f2878021000-7f287c000000 ---p 00000000 00:00 0 
7f287c000000-7f287c021000 rw-p 00000000 00:00 0 
7f287c021000-7f2880000000 ---p 00000000 00:00 0 
7f2880000000-7f28810b6000 rw-p 00000000 00:00 0 
7f28810b6000-7f2884000000 ---p 00000000 00:00 0 
7f2884000000-7f2884021000 rw-p 00000000 00:00 0 
7f2884021000-7f2888000000 ---p 00000000 00:00 0 
7f2889ef4000-7f2889f74000 rw-p 00000000 00:00 0 
7f2889f74000-7f288a0f4000 ---p 00000000 00:00 0 
7f288a0f4000-7f288a0f8000 ---p 00000000 00:00 0 
7f288a0f8000-7f288a1f5000 rw-p 00000000 00:00 0 
7f288a1f5000-7f288a1f9000 ---p 00000000 00:00 0 
7f288a1f9000-7f288a2f6000 rw-p 00000000 00:00 0 
7f288a2f6000-7f288a2fa000 ---p 00000000 00:00 0 
7f288a2fa000-7f288a3f7000 rw-p 00000000 00:00 0 
7f288a551000-7f288a751000 rw-p 00000000 00:00 0 
7f288a751000-7f288a752000 ---p 00000000 00:00 0 
7f288a752000-7f288a853000 rw-p 00000000 00:00 0 
7f288a853000-7f288a854000 ---p 00000000 00:00 0 
7f288a854000-7f288ab55000 rw-p 00000000 00:00 0 
7f288ab55000-7f288ab56000 ---p 00000000 00:00 0 
7f288ab56000-7f288ac57000 rw-p 00000000 00:00 0 
7f288ac57000-7f288ac6c000 r-xp 00000000 08:20 224122                     /usr/lib/jvm/java-11-openjdk-amd64/lib/libnet.so
7f288ac6c000-7f288ae6b000 ---p 00015000 08:20 224122                     /usr/lib/jvm/java-11-openjdk-amd64/lib/libnet.so
7f288ae6b000-7f288ae6c000 r--p 00014000 08:20 224122                     /usr/lib/jvm/java-11-openjdk-amd64/lib/libnet.so
7f288ae6c000-7f288ae6d000 rw-p 00015000 08:20 224122                     /usr/lib/jvm/java-11-openjdk-amd64/lib/libnet.so
7f288ae6d000-7f288ae7d000 r-xp 00000000 08:20 224123                     /usr/lib/jvm/java-11-openjdk-amd64/lib/libnio.so
7f288ae7d000-7f288b07c000 ---p 00010000 08:20 224123                     /usr/lib/jvm/java-11-openjdk-amd64/lib/libnio.so
7f288b07c000-7f288b07d000 r--p 0000f000 08:20 224123                     /usr/lib/jvm/java-11-openjdk-amd64/lib/libnio.so
7f288b07d000-7f288b07e000 rw-p 00010000 08:20 224123                     /usr/lib/jvm/java-11-openjdk-amd64/lib/libnio.so
7f288b07e000-7f288b07f000 ---p 00000000 00:00 0 
7f288b07f000-7f288b180000 rw-p 00000000 00:00 0 
7f288b180000-7f288b184000 ---p 00000000 00:00 0 
7f288b184000-7f288b281000 rw-p 00000000 00:00 0 
7f288b281000-7f288b285000 ---p 00000000 00:00 0 
7f288b285000-7f288b382000 rw-p 00000000 00:00 0 
7f288b382000-7f288b386000 ---p 00000000 00:00 0 
7f288b386000-7f288b483000 rw-p 00000000 00:00 0 
7f288b483000-7f288b487000 ---p 00000000 00:00 0 
7f288b487000-7f288b584000 rw-p 00000000 00:00 0 
7f288b584000-7f288b588000 ---p 00000000 00:00 0 
7f288b588000-7f288b685000 rw-p 00000000 00:00 0 
7f288b685000-7f288b689000 ---p 00000000 00:00 0 
7f288b689000-7f288b786000 rw-p 00000000 00:00 0 
7f288b786000-7f288b78a000 ---p 00000000 00:00 0 
7f288b78a000-7f288b887000 rw-p 00000000 00:00 0 
7f288b887000-7f288b88b000 ---p 00000000 00:00 0 
7f288b88b000-7f288b988000 rw-p 00000000 00:00 0 
7f288b988000-7f288b98c000 ---p 00000000 00:00 0 
7f288b98c000-7f288ba89000 rw-p 00000000 00:00 0 
7f288ba89000-7f288ba8d000 ---p 00000000 00:00 0 
7f288ba8d000-7f288bb8a000 rw-p 00000000 00:00 0 
7f288bb8a000-7f288bb8e000 ---p 00000000 00:00 0 
7f288bb8e000-7f288bc8b000 rw-p 00000000 00:00 0 
7f288bc8b000-7f288bc8f000 ---p 00000000 00:00 0 
7f288bc8f000-7f288bd8c000 rw-p 00000000 00:00 0 
7f288bd8c000-7f288bd90000 ---p 00000000 00:00 0 
7f288bd90000-7f288be8d000 rw-p 00000000 00:00 0 
7f288be8d000-7f288c000000 r--p 00000000 08:20 17137                      /usr/lib/locale/C.UTF-8/LC_COLLATE
7f288c000000-7f288c021000 rw-p 00000000 00:00 0 
7f288c021000-7f2890000000 ---p 00000000 00:00 0 
7f2890000000-7f2890021000 rw-p 00000000 00:00 0 
7f2890021000-7f2894000000 ---p 00000000 00:00 0 
7f2894000000-7f2894021000 rw-p 00000000 00:00 0 
7f2894021000-7f2898000000 ---p 00000000 00:00 0 
7f2898000000-7f2898053000 rw-p 00000000 00:00 0 
7f2898053000-7f289c000000 ---p 00000000 00:00 0 
7f289c000000-7f289c021000 rw-p 00000000 00:00 0 
7f289c021000-7f28a0000000 ---p 00000000 00:00 0 
7f28a0000000-7f28a0021000 rw-p 00000000 00:00 0 
7f28a0021000-7f28a4000000 ---p 00000000 00:00 0 
7f28a4000000-7f28a4021000 rw-p 00000000 00:00 0 
7f28a4021000-7f28a8000000 ---p 00000000 00:00 0 
7f28a8077000-7f28a8212000 r--p 00000000 08:20 18260                      /usr/lib/locale/locale-archive
7f28a8212000-7f28a8216000 ---p 00000000 00:00 0 
7f28a8216000-7f28a8313000 rw-p 00000000 00:00 0 
7f28a8313000-7f28a8317000 ---p 00000000 00:00 0 
7f28a8317000-7f28a8414000 rw-p 00000000 00:00 0 
7f28a8414000-7f28a8415000 ---p 00000000 00:00 0 
7f28a8415000-7f28a8d97000 rw-p 00000000 00:00 0 
7f28a8d97000-7f28a8d98000 ---p 00000000 00:00 0 
7f28a8d98000-7f28a8e99000 rw-p 00000000 00:00 0 
7f28a8e99000-7f28a8e9a000 ---p 00000000 00:00 0 
7f28a8e9a000-7f28abd2b000 rw-p 00000000 00:00 0 
7f28abd2b000-7f28ae9e7000 ---p 00000000 00:00 0 
7f28ae9e7000-7f28ae9ef000 rw-p 00000000 00:00 0 
7f28ae9ef000-7f28af9ef000 ---p 00000000 00:00 0 
7f28af9ef000-7f28afb73000 rw-p 00000000 00:00 0 
7f28afb73000-7f28b282f000 ---p 00000000 00:00 0 
7f28b282f000-7f28b2837000 rw-p 00000000 00:00 0 
7f28b2837000-7f28b3837000 ---p 00000000 00:00 0 
7f28b3837000-7f28b3868000 rw-p 00000000 00:00 0 
7f28b3868000-7f28b3dff000 ---p 00000000 00:00 0 
7f28b3dff000-7f28b3e00000 rw-p 00000000 00:00 0 
7f28b3e00000-7f28b4000000 ---p 00000000 00:00 0 
7f28b4000000-7f28b402e000 rw-p 00000000 00:00 0 
7f28b402e000-7f28b8000000 ---p 00000000 00:00 0 
7f28b802f000-7f28b8060000 rw-p 00000000 00:00 0 
7f28b8060000-7f28b85f7000 ---p 00000000 00:00 0 
7f28b85f7000-7f28b85f8000 rw-p 00000000 00:00 0 
7f28b85f8000-7f28b87f8000 ---p 00000000 00:00 0 
7f28b87f8000-7f28b8ae8000 rwxp 00000000 00:00 0 
7f28b8ae8000-7f28b8f37000 ---p 00000000 00:00 0 
7f28b8f37000-7f28b9a87000 rwxp 00000000 00:00 0 
7f28b9a87000-7f28c0397000 ---p 00000000 00:00 0 
7f28c0397000-7f28c0617000 rwxp 00000000 00:00 0 
7f28c0617000-7f28c77f8000 ---p 00000000 00:00 0 
7f28c77f8000-7f28d0000000 r--s 00000000 08:20 224132                     /usr/lib/jvm/java-11-openjdk-amd64/lib/modules
7f28d0000000-7f28d054c000 rw-p 00000000 00:00 0 
7f28d054c000-7f28d4000000 ---p 00000000 00:00 0 
7f28d4022000-7f28d4053000 r--p 00000000 08:20 17138                      /usr/lib/locale/C.UTF-8/LC_CTYPE
7f28d4053000-7f28d4154000 rw-p 00000000 00:00 0 
7f28d4154000-7f28d4155000 ---p 00000000 00:00 0 
7f28d4155000-7f28d4256000 rw-p 00000000 00:00 0 
7f28d4256000-7f28d4257000 ---p 00000000 00:00 0 
7f28d4257000-7f28d4507000 rw-p 00000000 00:00 0 
7f28d4507000-7f28d4a9e000 ---p 00000000 00:00 0 
7f28d4a9e000-7f28d4a9f000 rw-p 00000000 00:00 0 
7f28d4a9f000-7f28d4c9f000 ---p 00000000 00:00 0 
7f28d4c9f000-7f28d59ac000 rw-p 00000000 00:00 0 
7f28d59ac000-7f28d59ad000 ---p 00000000 00:00 0 
7f28d59ad000-7f28d5ab3000 rw-p 00000000 00:00 0 
7f28d5ab3000-7f28d5b97000 ---p 00000000 00:00 0 
7f28d5b97000-7f28d5bae000 rw-p 00000000 00:00 0 
7f28d5bae000-7f28d5c80000 ---p 00000000 00:00 0 
7f28d5c80000-7f28d5c87000 r-xp 00000000 08:20 224131                     /usr/lib/jvm/java-11-openjdk-amd64/lib/libzip.so
7f28d5c87000-7f28d5e87000 ---p 00007000 08:20 224131                     /usr/lib/jvm/java-11-openjdk-amd64/lib/libzip.so
7f28d5e87000-7f28d5e88000 r--p 00007000 08:20 224131                     /usr/lib/jvm/java-11-openjdk-amd64/lib/libzip.so
7f28d5e88000-7f28d5e89000 rw-p 00008000 08:20 224131                     /usr/lib/jvm/java-11-openjdk-amd64/lib/libzip.so
7f28d5e89000-7f28d5e94000 r-xp 00000000 08:20 33020                      /lib/x86_64-linux-gnu/libnss_files-2.27.so
7f28d5e94000-7f28d6093000 ---p 0000b000 08:20 33020                      /lib/x86_64-linux-gnu/libnss_files-2.27.so
7f28d6093000-7f28d6094000 r--p 0000a000 08:20 33020                      /lib/x86_64-linux-gnu/libnss_files-2.27.so
7f28d6094000-7f28d6095000 rw-p 0000b000 08:20 33020                      /lib/x86_64-linux-gnu/libnss_files-2.27.so
7f28d6095000-7f28d609b000 rw-p 00000000 00:00 0 
7f28d609b000-7f28d60b2000 r-xp 00000000 08:20 21427                      /lib/x86_64-linux-gnu/libnsl-2.27.so
7f28d60b2000-7f28d62b1000 ---p 00017000 08:20 21427                      /lib/x86_64-linux-gnu/libnsl-2.27.so
7f28d62b1000-7f28d62b2000 r--p 00016000 08:20 21427                      /lib/x86_64-linux-gnu/libnsl-2.27.so
7f28d62b2000-7f28d62b3000 rw-p 00017000 08:20 21427                      /lib/x86_64-linux-gnu/libnsl-2.27.so
7f28d62b3000-7f28d62b5000 rw-p 00000000 00:00 0 
7f28d62b5000-7f28d62c0000 r-xp 00000000 08:20 33808                      /lib/x86_64-linux-gnu/libnss_nis-2.27.so
7f28d62c0000-7f28d64bf000 ---p 0000b000 08:20 33808                      /lib/x86_64-linux-gnu/libnss_nis-2.27.so
7f28d64bf000-7f28d64c0000 r--p 0000a000 08:20 33808                      /lib/x86_64-linux-gnu/libnss_nis-2.27.so
7f28d64c0000-7f28d64c1000 rw-p 0000b000 08:20 33808                      /lib/x86_64-linux-gnu/libnss_nis-2.27.so
7f28d64c1000-7f28d64c9000 r-xp 00000000 08:20 21428                      /lib/x86_64-linux-gnu/libnss_compat-2.27.so
7f28d64c9000-7f28d66c9000 ---p 00008000 08:20 21428                      /lib/x86_64-linux-gnu/libnss_compat-2.27.so
7f28d66c9000-7f28d66ca000 r--p 00008000 08:20 21428                      /lib/x86_64-linux-gnu/libnss_compat-2.27.so
7f28d66ca000-7f28d66cb000 rw-p 00009000 08:20 21428                      /lib/x86_64-linux-gnu/libnss_compat-2.27.so
7f28d66cb000-7f28d66d0000 r-xp 00000000 08:20 224114                     /usr/lib/jvm/java-11-openjdk-amd64/lib/libjimage.so
7f28d66d0000-7f28d68cf000 ---p 00005000 08:20 224114                     /usr/lib/jvm/java-11-openjdk-amd64/lib/libjimage.so
7f28d68cf000-7f28d68d0000 r--p 00004000 08:20 224114                     /usr/lib/jvm/java-11-openjdk-amd64/lib/libjimage.so
7f28d68d0000-7f28d68d1000 rw-p 00005000 08:20 224114                     /usr/lib/jvm/java-11-openjdk-amd64/lib/libjimage.so
7f28d68d1000-7f28d68fa000 r-xp 00000000 08:20 224111                     /usr/lib/jvm/java-11-openjdk-amd64/lib/libjava.so
7f28d68fa000-7f28d6af9000 ---p 00029000 08:20 224111                     /usr/lib/jvm/java-11-openjdk-amd64/lib/libjava.so
7f28d6af9000-7f28d6afa000 r--p 00028000 08:20 224111                     /usr/lib/jvm/java-11-openjdk-amd64/lib/libjava.so
7f28d6afa000-7f28d6afb000 rw-p 00029000 08:20 224111                     /usr/lib/jvm/java-11-openjdk-amd64/lib/libjava.so
7f28d6afb000-7f28d6afc000 rw-p 00000000 00:00 0 
7f28d6afc000-7f28d6b09000 r-xp 00000000 08:20 224130                     /usr/lib/jvm/java-11-openjdk-amd64/lib/libverify.so
7f28d6b09000-7f28d6d08000 ---p 0000d000 08:20 224130                     /usr/lib/jvm/java-11-openjdk-amd64/lib/libverify.so
7f28d6d08000-7f28d6d0a000 r--p 0000c000 08:20 224130                     /usr/lib/jvm/java-11-openjdk-amd64/lib/libverify.so
7f28d6d0a000-7f28d6d0b000 rw-p 0000e000 08:20 224130                     /usr/lib/jvm/java-11-openjdk-amd64/lib/libverify.so
7f28d6d0b000-7f28d6d12000 r-xp 00000000 08:20 33813                      /lib/x86_64-linux-gnu/librt-2.27.so
7f28d6d12000-7f28d6f11000 ---p 00007000 08:20 33813                      /lib/x86_64-linux-gnu/librt-2.27.so
7f28d6f11000-7f28d6f12000 r--p 00006000 08:20 33813                      /lib/x86_64-linux-gnu/librt-2.27.so
7f28d6f12000-7f28d6f13000 rw-p 00007000 08:20 33813                      /lib/x86_64-linux-gnu/librt-2.27.so
7f28d6f13000-7f28d6f2a000 r-xp 00000000 08:20 170251                     /lib/x86_64-linux-gnu/libgcc_s.so.1
7f28d6f2a000-7f28d7129000 ---p 00017000 08:20 170251                     /lib/x86_64-linux-gnu/libgcc_s.so.1
7f28d7129000-7f28d712a000 r--p 00016000 08:20 170251                     /lib/x86_64-linux-gnu/libgcc_s.so.1
7f28d712a000-7f28d712b000 rw-p 00017000 08:20 170251                     /lib/x86_64-linux-gnu/libgcc_s.so.1
7f28d712b000-7f28d72c8000 r-xp 00000000 08:20 21421                      /lib/x86_64-linux-gnu/libm-2.27.so
7f28d72c8000-7f28d74c7000 ---p 0019d000 08:20 21421                      /lib/x86_64-linux-gnu/libm-2.27.so
7f28d74c7000-7f28d74c8000 r--p 0019c000 08:20 21421                      /lib/x86_64-linux-gnu/libm-2.27.so
7f28d74c8000-7f28d74c9000 rw-p 0019d000 08:20 21421                      /lib/x86_64-linux-gnu/libm-2.27.so
7f28d74c9000-7f28d7642000 r-xp 00000000 08:20 170248                     /usr/lib/x86_64-linux-gnu/libstdc++.so.6.0.25
7f28d7642000-7f28d7842000 ---p 00179000 08:20 170248                     /usr/lib/x86_64-linux-gnu/libstdc++.so.6.0.25
7f28d7842000-7f28d784c000 r--p 00179000 08:20 170248                     /usr/lib/x86_64-linux-gnu/libstdc++.so.6.0.25
7f28d784c000-7f28d784e000 rw-p 00183000 08:20 170248                     /usr/lib/x86_64-linux-gnu/libstdc++.so.6.0.25
7f28d784e000-7f28d7852000 rw-p 00000000 00:00 0 
7f28d7852000-7f28d8959000 r-xp 00000000 08:20 224137                     /usr/lib/jvm/java-11-openjdk-amd64/lib/server/libjvm.so
7f28d8959000-7f28d8b58000 ---p 01107000 08:20 224137                     /usr/lib/jvm/java-11-openjdk-amd64/lib/server/libjvm.so
7f28d8b58000-7f28d8c1c000 r--p 01106000 08:20 224137                     /usr/lib/jvm/java-11-openjdk-amd64/lib/server/libjvm.so
7f28d8c1c000-7f28d8c57000 rw-p 011ca000 08:20 224137                     /usr/lib/jvm/java-11-openjdk-amd64/lib/server/libjvm.so
7f28d8c57000-7f28d8cae000 rw-p 00000000 00:00 0 
7f28d8cae000-7f28d8cc8000 r-xp 00000000 08:20 33811                      /lib/x86_64-linux-gnu/libpthread-2.27.so
7f28d8cc8000-7f28d8ec7000 ---p 0001a000 08:20 33811                      /lib/x86_64-linux-gnu/libpthread-2.27.so
7f28d8ec7000-7f28d8ec8000 r--p 00019000 08:20 33811                      /lib/x86_64-linux-gnu/libpthread-2.27.so
7f28d8ec8000-7f28d8ec9000 rw-p 0001a000 08:20 33811                      /lib/x86_64-linux-gnu/libpthread-2.27.so
7f28d8ec9000-7f28d8ecd000 rw-p 00000000 00:00 0 
7f28d8ecd000-7f28d8ed0000 r-xp 00000000 08:20 18019                      /lib/x86_64-linux-gnu/libdl-2.27.so
7f28d8ed0000-7f28d90cf000 ---p 00003000 08:20 18019                      /lib/x86_64-linux-gnu/libdl-2.27.so
7f28d90cf000-7f28d90d0000 r--p 00002000 08:20 18019                      /lib/x86_64-linux-gnu/libdl-2.27.so
7f28d90d0000-7f28d90d1000 rw-p 00003000 08:20 18019                      /lib/x86_64-linux-gnu/libdl-2.27.so
7f28d90d1000-7f28d90ed000 r-xp 00000000 08:20 251311                     /lib/x86_64-linux-gnu/libz.so.1.2.11
7f28d90ed000-7f28d92ec000 ---p 0001c000 08:20 251311                     /lib/x86_64-linux-gnu/libz.so.1.2.11
7f28d92ec000-7f28d92ed000 r--p 0001b000 08:20 251311                     /lib/x86_64-linux-gnu/libz.so.1.2.11
7f28d92ed000-7f28d92ee000 rw-p 0001c000 08:20 251311                     /lib/x86_64-linux-gnu/libz.so.1.2.11
7f28d92ee000-7f28d94d5000 r-xp 00000000 08:20 16463                      /lib/x86_64-linux-gnu/libc-2.27.so
7f28d94d5000-7f28d96d5000 ---p 001e7000 08:20 16463                      /lib/x86_64-linux-gnu/libc-2.27.so
7f28d96d5000-7f28d96d9000 r--p 001e7000 08:20 16463                      /lib/x86_64-linux-gnu/libc-2.27.so
7f28d96d9000-7f28d96db000 rw-p 001eb000 08:20 16463                      /lib/x86_64-linux-gnu/libc-2.27.so
7f28d96db000-7f28d96df000 rw-p 00000000 00:00 0 
7f28d96df000-7f28d96ee000 r-xp 00000000 08:20 224096                     /usr/lib/jvm/java-11-openjdk-amd64/lib/jli/libjli.so
7f28d96ee000-7f28d98ed000 ---p 0000f000 08:20 224096                     /usr/lib/jvm/java-11-openjdk-amd64/lib/jli/libjli.so
7f28d98ed000-7f28d98ee000 r--p 0000e000 08:20 224096                     /usr/lib/jvm/java-11-openjdk-amd64/lib/jli/libjli.so
7f28d98ee000-7f28d98ef000 rw-p 0000f000 08:20 224096                     /usr/lib/jvm/java-11-openjdk-amd64/lib/jli/libjli.so
7f28d98ef000-7f28d9918000 r-xp 00000000 08:20 16451                      /lib/x86_64-linux-gnu/ld-2.27.so
7f28d9922000-7f28d9923000 r--p 00000000 08:20 17144                      /usr/lib/locale/C.UTF-8/LC_NUMERIC
7f28d9923000-7f28d9924000 r--p 00000000 08:20 17147                      /usr/lib/locale/C.UTF-8/LC_TIME
7f28d9924000-7f28d9925000 r--p 00000000 08:20 17142                      /usr/lib/locale/C.UTF-8/LC_MONETARY
7f28d9925000-7f28d9926000 r--p 00000000 08:20 17141                      /usr/lib/locale/C.UTF-8/LC_MESSAGES/SYS_LC_MESSAGES
7f28d9926000-7f28d9927000 r--p 00000000 08:20 17145                      /usr/lib/locale/C.UTF-8/LC_PAPER
7f28d9927000-7f28d9928000 r--p 00000000 08:20 17143                      /usr/lib/locale/C.UTF-8/LC_NAME
7f28d9928000-7f28d9929000 r--p 00000000 08:20 17136                      /usr/lib/locale/C.UTF-8/LC_ADDRESS
7f28d9929000-7f28d9930000 r--s 00000000 08:20 170758                     /usr/lib/x86_64-linux-gnu/gconv/gconv-modules.cache
7f28d9930000-7f28d99fb000 rw-p 00000000 00:00 0 
7f28d99fb000-7f28d9a04000 ---p 00000000 00:00 0 
7f28d9a04000-7f28d9a08000 ---p 00000000 00:00 0 
7f28d9a08000-7f28d9b07000 rw-p 00000000 00:00 0 
7f28d9b07000-7f28d9b08000 r--p 00000000 08:20 17146                      /usr/lib/locale/C.UTF-8/LC_TELEPHONE
7f28d9b08000-7f28d9b09000 r--p 00000000 08:20 17140                      /usr/lib/locale/C.UTF-8/LC_MEASUREMENT
7f28d9b09000-7f28d9b0a000 r--p 00000000 08:20 17139                      /usr/lib/locale/C.UTF-8/LC_IDENTIFICATION
7f28d9b0a000-7f28d9b0c000 r--s 00007000 08:20 179452                     /usr/share/java/java-atk-wrapper.jar
7f28d9b0c000-7f28d9b14000 rw-s 00000000 08:20 325809                     /tmp/hsperfdata_mjhoover/6380
7f28d9b14000-7f28d9b15000 ---p 00000000 00:00 0 
7f28d9b15000-7f28d9b16000 r--p 00000000 00:00 0 
7f28d9b16000-7f28d9b18000 rw-p 00000000 00:00 0 
7f28d9b18000-7f28d9b19000 r--p 00029000 08:20 16451                      /lib/x86_64-linux-gnu/ld-2.27.so
7f28d9b19000-7f28d9b1a000 rw-p 0002a000 08:20 16451                      /lib/x86_64-linux-gnu/ld-2.27.so
7f28d9b1a000-7f28d9b1b000 rw-p 00000000 00:00 0 
7fff0c41c000-7fff0c43e000 rw-p 00000000 00:00 0                          [stack]
7fff0c4c0000-7fff0c4c4000 r--p 00000000 00:00 0                          [vvar]
7fff0c4c4000-7fff0c4c6000 r-xp 00000000 00:00 0                          [vdso]


VM Arguments:
jvm_args: -Dapplication.home=/usr/lib/jvm/java-11-openjdk-amd64 --add-modules=ALL-DEFAULT -Xms8m -Djdk.module.main=jdk.compiler 
java_command: jdk.compiler/com.sun.tools.javac.Main -d classes vasco/rectangles/BucketRect.java vasco/rectangles/CIFTree.java vasco/rectangles/DeleteRectangle.java vasco/rectangles/GenRectTree.java vasco/rectangles/GenRectangle.java vasco/rectangles/GenericRectTree.java vasco/rectangles/GreenRect.java vasco/rectangles/LOOSETree.java vasco/rectangles/PMRRectTree.java vasco/rectangles/PMRkd.java vasco/rectangles/RNode.java vasco/rectangles/RectTree.java vasco/rectangles/RectangleCanvas.java vasco/rectangles/RectangleFileSelector.java vasco/rectangles/RectangleRTree.java vasco/rectangles/RectangleStructure.java vasco/rectangles/main.java
java_class_path (initial): <not set>
Launcher Type: SUN_STANDARD

[Global flags]
     intx CICompilerCount                          = 12                                        {product} {ergonomic}
     uint ConcGCThreads                            = 3                                         {product} {ergonomic}
     uint G1ConcRefinementThreads                  = 13                                        {product} {ergonomic}
   size_t G1HeapRegionSize                         = 1048576                                   {product} {ergonomic}
    uintx GCDrainStackTargetSize                   = 64                                        {product} {ergonomic}
   size_t InitialHeapSize                          = 8388608                                   {product} {command line}
   size_t MarkStackSize                            = 4194304                                   {product} {ergonomic}
   size_t MaxHeapSize                              = 4179623936                                {product} {ergonomic}
   size_t MaxNewSize                               = 2507145216                                {product} {ergonomic}
   size_t MinHeapDeltaBytes                        = 1048576                                   {product} {ergonomic}
    uintx NonNMethodCodeHeapSize                   = 7594288                                {pd product} {ergonomic}
    uintx NonProfiledCodeHeapSize                  = 122031976                              {pd product} {ergonomic}
    uintx ProfiledCodeHeapSize                     = 122031976                              {pd product} {ergonomic}
    uintx ReservedCodeCacheSize                    = 251658240                              {pd product} {ergonomic}
     bool SegmentedCodeCache                       = true                                      {product} {ergonomic}
     bool UseCompressedClassPointers               = true                                 {lp64_product} {ergonomic}
     bool UseCompressedOops                        = true                                 {lp64_product} {ergonomic}
     bool UseG1GC                                  = true                                      {product} {ergonomic}

Logging:
Log output configuration:
 #0: stdout all=warning uptime,level,tags
 #1: stderr all=off uptime,level,tags

Environment Variables:
JAVA_HOME=/usr/lib/jvm/java-11-openjdk-amd64
PATH=/home/mjhoover/anaconda3/bin:/home/mjhoover/.vscode-server/bin/1a5daa3a0231a0fbba4f14db7ec463cf99d7768e/bin/remote-cli:/home/mjhoover/anaconda3/bin:/home/mjhoover/anaconda3/bin:/usr/local/sbin:/usr/local/bin:/usr/sbin:/usr/bin:/sbin:/bin:/usr/games:/usr/local/games:/usr/lib/wsl/lib:/mnt/c/Program Files/Common Files/Oracle/Java/javapath:/mnt/d/VMWare/bin/:/mnt/c/ProgramData/Oracle/Java/javapath:/mnt/c/Program Files (x86)/Common Files/Oracle/Java/javapath:/mnt/c/MinGW/bin:/mnt/c/Program Files/dotnet/:/mnt/c/Program Files/Java/jdk1.8.0_321/bin:/mnt/c/Program Files (x86)/DVC (Data Version Control):/mnt/c/Program Files/PuTTY/:/mnt/c/Program Files/Git/cmd:/mnt/c/MinGW/bin:/mnt/d/Microsoft VS Code/bin:/snap/bin
SHELL=/bin/bash
DISPLAY=172.19.96.1:0
HOSTTYPE=x86_64
LANG=C.UTF-8
TERM=xterm-256color

Signal Handlers:
SIGSEGV: [libjvm.so+0xe35150], sa_mask[0]=11111111011111111101111111111110, sa_flags=SA_RESTART|SA_SIGINFO
SIGBUS: [libjvm.so+0xe35150], sa_mask[0]=11111111011111111101111111111110, sa_flags=SA_RESTART|SA_SIGINFO
SIGFPE: [libjvm.so+0xe35150], sa_mask[0]=11111111011111111101111111111110, sa_flags=SA_RESTART|SA_SIGINFO
SIGPIPE: [libjvm.so+0xb8a460], sa_mask[0]=11111111011111111101111111111110, sa_flags=SA_RESTART|SA_SIGINFO
SIGXFSZ: [libjvm.so+0xb8a460], sa_mask[0]=11111111011111111101111111111110, sa_flags=SA_RESTART|SA_SIGINFO
SIGILL: [libjvm.so+0xe35150], sa_mask[0]=11111111011111111101111111111110, sa_flags=SA_RESTART|SA_SIGINFO
SIGUSR2: [libjvm.so+0xb8a2f0], sa_mask[0]=00000000000000000000000000000000, sa_flags=SA_RESTART|SA_SIGINFO
SIGHUP: [libjvm.so+0xb8a600], sa_mask[0]=11111111011111111101111111111110, sa_flags=SA_RESTART|SA_SIGINFO
SIGINT: [libjvm.so+0xb8a600], sa_mask[0]=11111111011111111101111111111110, sa_flags=SA_RESTART|SA_SIGINFO
SIGTERM: [libjvm.so+0xb8a600], sa_mask[0]=11111111011111111101111111111110, sa_flags=SA_RESTART|SA_SIGINFO
SIGQUIT: [libjvm.so+0xb8a600], sa_mask[0]=11111111011111111101111111111110, sa_flags=SA_RESTART|SA_SIGINFO


---------------  S Y S T E M  ---------------

OS:DISTRIB_ID=Ubuntu
DISTRIB_RELEASE=18.04
DISTRIB_CODENAME=bionic
DISTRIB_DESCRIPTION="Ubuntu 18.04.6 LTS"
uname:Linux 5.15.133.1-microsoft-standard-WSL2 #1 SMP Thu Oct 5 21:02:42 UTC 2023 x86_64
OS uptime: 0 days 0:03 hours
libc:glibc 2.27 NPTL 2.27 
rlimit (soft/hard): STACK 8192k/infinity , CORE 0k/infinity , NPROC 63743/63743 , NOFILE 1048576/1048576 , AS infinity/infinity , CPU infinity/infinity , DATA infinity/infinity , FSIZE infinity/infinity , MEMLOCK 65536k/65536k
load average:2.43 1.96 0.86

/proc/meminfo:
MemTotal:       16324932 kB
MemFree:        12197024 kB
MemAvailable:   13227932 kB
Buffers:          231912 kB
Cached:           960344 kB
SwapCached:            0 kB
Active:           417688 kB
Inactive:        3189836 kB
Active(anon):       1996 kB
Inactive(anon):  2415656 kB
Active(file):     415692 kB
Inactive(file):   774180 kB
Unevictable:           0 kB
Mlocked:               0 kB
SwapTotal:       4194304 kB
SwapFree:        4194304 kB
Dirty:               244 kB
Writeback:             0 kB
AnonPages:       2409980 kB
Mapped:           339140 kB
Shmem:              2388 kB
KReclaimable:     173740 kB
Slab:             242744 kB
SReclaimable:     173740 kB
SUnreclaim:        69004 kB
KernelStack:        7968 kB
PageTables:        20848 kB
NFS_Unstable:          0 kB
Bounce:                0 kB
WritebackTmp:          0 kB
CommitLimit:    12356768 kB
Committed_AS:    2374596 kB
VmallocTotal:   34359738367 kB
VmallocUsed:       28908 kB
VmallocChunk:          0 kB
Percpu:             4352 kB
AnonHugePages:    665600 kB
ShmemHugePages:        0 kB
ShmemPmdMapped:        0 kB
FileHugePages:         0 kB
FilePmdMapped:         0 kB
HugePages_Total:       0
HugePages_Free:        0
HugePages_Rsvd:        0
HugePages_Surp:        0
Hugepagesize:       2048 kB
Hugetlb:               0 kB
DirectMap4k:       19456 kB
DirectMap2M:     5167104 kB
DirectMap1G:    20971520 kB

/sys/kernel/mm/transparent_hugepage/enabled:
[always] madvise never
/sys/kernel/mm/transparent_hugepage/defrag (defrag/compaction efforts parameter):
always defer defer+madvise [madvise] never

Process Memory:
Virtual Size: 7756692K (peak: 15639600K)
Resident Set Size: 312664K (peak: 312664K) (anon: 273376K, file: 39288K, shmem: 0K)
Swapped out: 0K
C-Heap outstanding allocations: 169527K, retained: 43292K
glibc malloc tunables: (default)

/proc/sys/kernel/threads-max (system-wide limit on the number of threads):
127487
/proc/sys/vm/max_map_count (maximum number of memory map areas a process may have):
65530
/proc/sys/kernel/pid_max (system-wide limit on number of process identifiers):
32768

container (cgroup) information:
container_type: cgroupv1
cpu_cpuset_cpus: 0-15
cpu_memory_nodes: 0
active_processor_count: 16
cpu_quota: no quota
cpu_period: 100000
cpu_shares: no shares
memory_limit_in_bytes: unlimited
memory_and_swap_limit_in_bytes: unlimited
memory_soft_limit_in_bytes: unlimited
memory_usage_in_bytes: 3603188 k
memory_max_usage_in_bytes: unlimited
maximum number of tasks: not supported
current number of tasks: not supported

Hyper-V virtualization detected
Steal ticks since vm start: 0
Steal ticks percentage since vm start:  0.000

CPU:total 16 (initial active 16) (16 cores per cpu, 2 threads per core) family 23 model 1 stepping 1 microcode 0xffffffff, cmov, cx8, fxsr, mmx, sse, sse2, sse3, ssse3, sse4.1, sse4.2, popcnt, avx, avx2, aes, clmul, mmxext, 3dnowpref, lzcnt, sse4a, ht, tsc, tscinvbit, tscinv, bmi1, bmi2, adx, sha, fma
CPU Model and flags from /proc/cpuinfo:
model name	: AMD Ryzen 7 1700X Eight-Core Processor
flags		: fpu vme de pse tsc msr pae mce cx8 apic sep mtrr pge mca cmov pat pse36 clflush mmx fxsr sse sse2 ht syscall nx mmxext fxsr_opt pdpe1gb rdtscp lm constant_tsc rep_good nopl tsc_reliable nonstop_tsc cpuid extd_apicid pni pclmulqdq ssse3 fma cx16 sse4_1 sse4_2 movbe popcnt aes xsave avx f16c rdrand hypervisor lahf_lm cmp_legacy cr8_legacy abm sse4a misalignsse 3dnowprefetch osvw topoext ssbd ibpb vmmcall fsgsbase bmi1 avx2 smep bmi2 rdseed adx smap clflushopt sha_ni xsaveopt xsavec xgetbv1 clzero xsaveerptr virt_ssbd arat
Online cpus:
0-15
Offline cpus:

BIOS frequency limitation:
<Not Available>
Frequency switch latency (ns):
<Not Available>
Available cpu frequencies:
<Not Available>
Current governor:
<Not Available>
Core performance/turbo boost:
<Not Available>

Memory: 4k page, physical 16324932k(12197024k free), swap 4194304k(4194304k free)

vm_info: OpenJDK 64-Bit Server VM (11.0.18+10-post-Ubuntu-0ubuntu118.04.1) for linux-amd64 JRE (11.0.18+10-post-Ubuntu-0ubuntu118.04.1), built on Jan 20 2023 09:07:44 by "unknown" with gcc 8.4.0

END.
